[2018-12-18 14:02:09,043] INFO [Controller 0]: Controller starting up (kafka.controller.KafkaController)
[2018-12-18 14:02:09,104] INFO [Controller 0]: Broker 0 starting become controller state transition (kafka.controller.KafkaController)
[2018-12-18 14:02:09,258] INFO [Controller 0]: Controller 0 incremented epoch to 1 (kafka.controller.KafkaController)
[2018-12-18 14:02:09,260] DEBUG [Controller 0]: Registering IsrChangeNotificationListener (kafka.controller.KafkaController)
[2018-12-18 14:02:09,273] INFO [Controller 0]: Partitions undergoing preferred replica election:  (kafka.controller.KafkaController)
[2018-12-18 14:02:09,274] INFO [Controller 0]: Partitions that completed preferred replica election:  (kafka.controller.KafkaController)
[2018-12-18 14:02:09,274] INFO [Controller 0]: Resuming preferred replica election for partitions:  (kafka.controller.KafkaController)
[2018-12-18 14:02:09,277] INFO [Controller 0]: Partitions being reassigned: Map() (kafka.controller.KafkaController)
[2018-12-18 14:02:09,277] INFO [Controller 0]: Partitions already reassigned: List() (kafka.controller.KafkaController)
[2018-12-18 14:02:09,278] INFO [Controller 0]: Resuming reassignment of partitions: Map() (kafka.controller.KafkaController)
[2018-12-18 14:02:09,281] INFO [Controller 0]: List of topics to be deleted:  (kafka.controller.KafkaController)
[2018-12-18 14:02:09,282] INFO [Controller 0]: List of topics ineligible for deletion:  (kafka.controller.KafkaController)
[2018-12-18 14:02:09,284] INFO [Controller 0]: Currently active brokers in the cluster: Set() (kafka.controller.KafkaController)
[2018-12-18 14:02:09,285] INFO [Controller 0]: Currently shutting brokers in the cluster: Set() (kafka.controller.KafkaController)
[2018-12-18 14:02:09,285] INFO [Controller 0]: Current list of topics in the cluster: Set() (kafka.controller.KafkaController)
[2018-12-18 14:02:09,287] INFO [Replica state machine on controller 0]: Started replica state machine with initial state -> Map() (kafka.controller.ReplicaStateMachine)
[2018-12-18 14:02:09,299] INFO [Partition state machine on Controller 0]: Started partition state machine with initial state -> Map() (kafka.controller.PartitionStateMachine)
[2018-12-18 14:02:09,300] INFO [Controller 0]: Broker 0 is ready to serve as the new controller with epoch 1 (kafka.controller.KafkaController)
[2018-12-18 14:02:09,301] INFO [Controller 0]: Starting preferred replica leader election for partitions  (kafka.controller.KafkaController)
[2018-12-18 14:02:09,302] INFO [Partition state machine on Controller 0]: Invoking state change to OnlinePartition for partitions  (kafka.controller.PartitionStateMachine)
[2018-12-18 14:02:09,349] INFO [Controller 0]: starting the partition rebalance scheduler (kafka.controller.KafkaController)
[2018-12-18 14:02:09,349] INFO [Controller 0]: Controller startup complete (kafka.controller.KafkaController)
[2018-12-18 14:02:09,526] INFO [BrokerChangeListener on Controller 0]: Broker change listener fired for path /brokers/ids with children 0 (kafka.controller.ReplicaStateMachine$BrokerChangeListener)
[2018-12-18 14:02:09,588] INFO [BrokerChangeListener on Controller 0]: Newly added brokers: 0, deleted brokers: , all live brokers: 0 (kafka.controller.ReplicaStateMachine$BrokerChangeListener)
[2018-12-18 14:02:09,590] DEBUG [Channel manager on controller 0]: Controller 0 trying to connect to broker 0 (kafka.controller.ControllerChannelManager)
[2018-12-18 14:02:09,617] INFO [Controller 0]: New broker startup callback for 0 (kafka.controller.KafkaController)
[2018-12-18 14:02:09,631] INFO [Controller-0-to-broker-0-send-thread], Starting  (kafka.controller.RequestSendThread)
[2018-12-18 14:02:09,672] INFO [Controller-0-to-broker-0-send-thread], Controller 0 connected to SajitGupta:9092 (id: 0 rack: null) for sending state change requests (kafka.controller.RequestSendThread)
[2018-12-18 14:02:14,350] TRACE [Controller 0]: checking need to trigger partition rebalance (kafka.controller.KafkaController)
[2018-12-18 14:02:14,351] DEBUG [Controller 0]: preferred replicas by broker Map() (kafka.controller.KafkaController)
[2018-12-18 14:02:40,562] DEBUG [TopicChangeListener on Controller 0]: Topic change listener fired for path /brokers/topics with children words (kafka.controller.PartitionStateMachine$TopicChangeListener)
[2018-12-18 14:02:40,599] INFO [TopicChangeListener on Controller 0]: New topics: [Set(words)], deleted topics: [Set()], new partition replica assignment [Map([words,0] -> List(0))] (kafka.controller.PartitionStateMachine$TopicChangeListener)
[2018-12-18 14:02:40,601] INFO [Controller 0]: New topic creation callback for [words,0] (kafka.controller.KafkaController)
[2018-12-18 14:02:40,621] INFO [Controller 0]: New partition creation callback for [words,0] (kafka.controller.KafkaController)
[2018-12-18 14:02:40,623] INFO [Partition state machine on Controller 0]: Invoking state change to NewPartition for partitions [words,0] (kafka.controller.PartitionStateMachine)
[2018-12-18 14:02:40,655] INFO [Replica state machine on controller 0]: Invoking state change to NewReplica for replicas [Topic=words,Partition=0,Replica=0] (kafka.controller.ReplicaStateMachine)
[2018-12-18 14:02:40,709] INFO [Partition state machine on Controller 0]: Invoking state change to OnlinePartition for partitions [words,0] (kafka.controller.PartitionStateMachine)
[2018-12-18 14:02:40,712] DEBUG [Partition state machine on Controller 0]: Live assigned replicas for partition [words,0] are: [List(0)] (kafka.controller.PartitionStateMachine)
[2018-12-18 14:02:40,715] DEBUG [Partition state machine on Controller 0]: Initializing leader and isr for partition [words,0] to (Leader:0,ISR:0,LeaderEpoch:0,ControllerEpoch:1) (kafka.controller.PartitionStateMachine)
[2018-12-18 14:02:41,345] INFO [Replica state machine on controller 0]: Invoking state change to OnlineReplica for replicas [Topic=words,Partition=0,Replica=0] (kafka.controller.ReplicaStateMachine)
[2018-12-18 14:02:41,348] DEBUG [TopicChangeListener on Controller 0]: Topic change listener fired for path /brokers/topics with children words,__consumer_offsets (kafka.controller.PartitionStateMachine$TopicChangeListener)
[2018-12-18 14:02:41,351] INFO [TopicChangeListener on Controller 0]: New topics: [Set(__consumer_offsets)], deleted topics: [Set()], new partition replica assignment [Map([__consumer_offsets,0] -> List(0))] (kafka.controller.PartitionStateMachine$TopicChangeListener)
[2018-12-18 14:02:41,351] INFO [Controller 0]: New topic creation callback for [__consumer_offsets,0] (kafka.controller.KafkaController)
[2018-12-18 14:02:41,352] INFO [Controller 0]: New partition creation callback for [__consumer_offsets,0] (kafka.controller.KafkaController)
[2018-12-18 14:02:41,352] INFO [Partition state machine on Controller 0]: Invoking state change to NewPartition for partitions [__consumer_offsets,0] (kafka.controller.PartitionStateMachine)
[2018-12-18 14:02:41,352] INFO [Replica state machine on controller 0]: Invoking state change to NewReplica for replicas [Topic=__consumer_offsets,Partition=0,Replica=0] (kafka.controller.ReplicaStateMachine)
[2018-12-18 14:02:41,353] INFO [Partition state machine on Controller 0]: Invoking state change to OnlinePartition for partitions [__consumer_offsets,0] (kafka.controller.PartitionStateMachine)
[2018-12-18 14:02:41,354] DEBUG [Partition state machine on Controller 0]: Live assigned replicas for partition [__consumer_offsets,0] are: [List(0)] (kafka.controller.PartitionStateMachine)
[2018-12-18 14:02:41,354] DEBUG [Partition state machine on Controller 0]: Initializing leader and isr for partition [__consumer_offsets,0] to (Leader:0,ISR:0,LeaderEpoch:0,ControllerEpoch:1) (kafka.controller.PartitionStateMachine)
[2018-12-18 14:02:41,738] INFO [Replica state machine on controller 0]: Invoking state change to OnlineReplica for replicas [Topic=__consumer_offsets,Partition=0,Replica=0] (kafka.controller.ReplicaStateMachine)
[2018-12-18 14:03:56,385] INFO [Controller 0]: Shutting down broker 0 (kafka.controller.KafkaController)
[2018-12-18 14:03:56,388] DEBUG [Controller 0]: All shutting down brokers: 0 (kafka.controller.KafkaController)
[2018-12-18 14:03:56,389] DEBUG [Controller 0]: Live brokers:  (kafka.controller.KafkaController)
[2018-12-18 14:03:56,397] TRACE [Controller 0]: All leaders = [__consumer_offsets,0] -> (Leader:0,ISR:0,LeaderEpoch:0,ControllerEpoch:1),[words,0] -> (Leader:0,ISR:0,LeaderEpoch:0,ControllerEpoch:1) (kafka.controller.KafkaController)
[2018-12-18 14:03:57,047] DEBUG [Controller 0]: Controller resigning, broker id 0 (kafka.controller.KafkaController)
[2018-12-18 14:03:57,047] DEBUG [Controller 0]: De-registering IsrChangeNotificationListener (kafka.controller.KafkaController)
[2018-12-18 14:03:57,052] INFO [Partition state machine on Controller 0]: Stopped partition state machine (kafka.controller.PartitionStateMachine)
[2018-12-18 14:03:57,053] INFO [Replica state machine on controller 0]: Stopped replica state machine (kafka.controller.ReplicaStateMachine)
[2018-12-18 14:03:57,058] INFO [Controller-0-to-broker-0-send-thread], Shutting down (kafka.controller.RequestSendThread)
[2018-12-18 14:03:57,059] INFO [Controller-0-to-broker-0-send-thread], Stopped  (kafka.controller.RequestSendThread)
[2018-12-18 14:03:57,059] INFO [Controller-0-to-broker-0-send-thread], Shutdown completed (kafka.controller.RequestSendThread)
[2018-12-18 14:03:57,061] INFO [Controller 0]: Broker 0 resigned as the controller (kafka.controller.KafkaController)
