[2018-12-18 14:02:08,428] INFO starting (kafka.server.KafkaServer)
[2018-12-18 14:02:08,434] INFO Connecting to zookeeper on localhost:2181 (kafka.server.KafkaServer)
[2018-12-18 14:02:08,441] INFO Starting ZkClient event thread. (org.I0Itec.zkclient.ZkEventThread)
[2018-12-18 14:02:08,502] INFO Waiting for keeper state SyncConnected (org.I0Itec.zkclient.ZkClient)
[2018-12-18 14:02:08,618] INFO zookeeper state changed (SyncConnected) (org.I0Itec.zkclient.ZkClient)
[2018-12-18 14:02:08,834] INFO Log directory '/tmp/kafka_data' not found, creating it. (kafka.log.LogManager)
[2018-12-18 14:02:08,840] INFO Loading logs. (kafka.log.LogManager)
[2018-12-18 14:02:08,845] INFO Logs loading complete. (kafka.log.LogManager)
[2018-12-18 14:02:08,926] INFO Starting log cleanup with a period of 300000 ms. (kafka.log.LogManager)
[2018-12-18 14:02:08,928] INFO Starting log flusher with a default period of 9223372036854775807 ms. (kafka.log.LogManager)
[2018-12-18 14:02:08,931] WARN No meta.properties file under dir /tmp/kafka_data/meta.properties (kafka.server.BrokerMetadataCheckpoint)
[2018-12-18 14:02:08,987] INFO Awaiting socket connections on 0.0.0.0:9092. (kafka.network.Acceptor)
[2018-12-18 14:02:08,991] INFO [Socket Server on Broker 0], Started 1 acceptor threads (kafka.network.SocketServer)
[2018-12-18 14:02:09,012] INFO [ExpirationReaper-0], Starting  (kafka.server.DelayedOperationPurgatory$ExpiredOperationReaper)
[2018-12-18 14:02:09,013] INFO [ExpirationReaper-0], Starting  (kafka.server.DelayedOperationPurgatory$ExpiredOperationReaper)
[2018-12-18 14:02:09,074] INFO Creating /controller (is it secure? false) (kafka.utils.ZKCheckedEphemeral)
[2018-12-18 14:02:09,103] INFO Result of znode creation is: OK (kafka.utils.ZKCheckedEphemeral)
[2018-12-18 14:02:09,103] INFO 0 successfully elected as leader (kafka.server.ZookeeperLeaderElector)
[2018-12-18 14:02:09,357] INFO [ExpirationReaper-0], Starting  (kafka.server.DelayedOperationPurgatory$ExpiredOperationReaper)
[2018-12-18 14:02:09,362] INFO [ExpirationReaper-0], Starting  (kafka.server.DelayedOperationPurgatory$ExpiredOperationReaper)
[2018-12-18 14:02:09,393] INFO [GroupCoordinator 0]: Starting up. (kafka.coordinator.GroupCoordinator)
[2018-12-18 14:02:09,394] INFO [GroupCoordinator 0]: Startup complete. (kafka.coordinator.GroupCoordinator)
[2018-12-18 14:02:09,398] INFO [Group Metadata Manager on Broker 0]: Removed 0 expired offsets in 14 milliseconds. (kafka.coordinator.GroupMetadataManager)
[2018-12-18 14:02:09,408] INFO [ThrottledRequestReaper-Produce], Starting  (kafka.server.ClientQuotaManager$ThrottledRequestReaper)
[2018-12-18 14:02:09,409] INFO [ThrottledRequestReaper-Fetch], Starting  (kafka.server.ClientQuotaManager$ThrottledRequestReaper)
[2018-12-18 14:02:09,439] INFO Will not load MX4J, mx4j-tools.jar is not in the classpath (kafka.utils.Mx4jLoader$)
[2018-12-18 14:02:09,441] INFO New leader is 0 (kafka.server.ZookeeperLeaderElector$LeaderChangeListener)
[2018-12-18 14:02:09,452] INFO Creating /brokers/ids/0 (is it secure? false) (kafka.utils.ZKCheckedEphemeral)
[2018-12-18 14:02:09,524] INFO Result of znode creation is: OK (kafka.utils.ZKCheckedEphemeral)
[2018-12-18 14:02:09,525] INFO Registered broker 0 at path /brokers/ids/0 with addresses: PLAINTEXT -> EndPoint(SajitGupta,9092,PLAINTEXT) (kafka.utils.ZkUtils)
[2018-12-18 14:02:09,526] WARN No meta.properties file under dir /tmp/kafka_data/meta.properties (kafka.server.BrokerMetadataCheckpoint)
[2018-12-18 14:02:09,644] INFO [Kafka Server 0], started (kafka.server.KafkaServer)
[2018-12-18 14:02:40,524] INFO Topic creation {"version":1,"partitions":{"0":[0]}} (kafka.admin.AdminUtils$)
[2018-12-18 14:02:40,558] INFO [KafkaApi-0] Auto creation of topic words with 1 partitions and replication factor 1 is successful (kafka.server.KafkaApis)
[2018-12-18 14:02:40,899] INFO Topic creation {"version":1,"partitions":{"0":[0]}} (kafka.admin.AdminUtils$)
[2018-12-18 14:02:40,978] INFO [KafkaApi-0] Auto creation of topic __consumer_offsets with 1 partitions and replication factor 1 is successful (kafka.server.KafkaApis)
[2018-12-18 14:02:41,451] INFO [ReplicaFetcherManager on broker 0] Removed fetcher for partitions [words,0] (kafka.server.ReplicaFetcherManager)
[2018-12-18 14:02:41,649] INFO Completed load of log words-0 with log end offset 0 (kafka.log.Log)
[2018-12-18 14:02:41,658] INFO Created log for partition [words,0] in /tmp/kafka_data with properties {compression.type -> producer, message.format.version -> 0.10.0-IV1, file.delete.delay.ms -> 60000, max.message.bytes -> 1000012, message.timestamp.type -> CreateTime, min.insync.replicas -> 1, segment.jitter.ms -> 0, preallocate -> false, min.cleanable.dirty.ratio -> 0.5, index.interval.bytes -> 4096, unclean.leader.election.enable -> true, retention.bytes -> -1, delete.retention.ms -> 86400000, cleanup.policy -> delete, flush.ms -> 9223372036854775807, segment.ms -> 604800000, segment.bytes -> 1073741824, retention.ms -> 604800000, message.timestamp.difference.max.ms -> 9223372036854775807, segment.index.bytes -> 10485760, flush.messages -> 9223372036854775807}. (kafka.log.LogManager)
[2018-12-18 14:02:41,661] INFO Partition [words,0] on broker 0: No checkpointed highwatermark is found for partition [words,0] (kafka.cluster.Partition)
[2018-12-18 14:02:41,745] INFO [ReplicaFetcherManager on broker 0] Removed fetcher for partitions [__consumer_offsets,0] (kafka.server.ReplicaFetcherManager)
[2018-12-18 14:02:41,771] INFO Completed load of log __consumer_offsets-0 with log end offset 0 (kafka.log.Log)
[2018-12-18 14:02:41,775] INFO Created log for partition [__consumer_offsets,0] in /tmp/kafka_data with properties {compression.type -> producer, message.format.version -> 0.10.0-IV1, file.delete.delay.ms -> 60000, max.message.bytes -> 1000012, message.timestamp.type -> CreateTime, min.insync.replicas -> 1, segment.jitter.ms -> 0, preallocate -> false, min.cleanable.dirty.ratio -> 0.5, index.interval.bytes -> 4096, unclean.leader.election.enable -> true, retention.bytes -> -1, delete.retention.ms -> 86400000, cleanup.policy -> compact, flush.ms -> 9223372036854775807, segment.ms -> 604800000, segment.bytes -> 104857600, retention.ms -> 604800000, message.timestamp.difference.max.ms -> 9223372036854775807, segment.index.bytes -> 10485760, flush.messages -> 9223372036854775807}. (kafka.log.LogManager)
[2018-12-18 14:02:41,812] INFO Partition [__consumer_offsets,0] on broker 0: No checkpointed highwatermark is found for partition [__consumer_offsets,0] (kafka.cluster.Partition)
[2018-12-18 14:02:41,814] INFO [Group Metadata Manager on Broker 0]: Loading offsets and group metadata from [__consumer_offsets,0] (kafka.coordinator.GroupMetadataManager)
[2018-12-18 14:02:41,818] INFO [Group Metadata Manager on Broker 0]: Finished loading offsets from [__consumer_offsets,0] in 4 milliseconds. (kafka.coordinator.GroupMetadataManager)
[2018-12-18 14:02:41,880] INFO [GroupCoordinator 0]: Preparing to restabilize group WordConsumerService with old generation 0 (kafka.coordinator.GroupCoordinator)
[2018-12-18 14:02:41,885] INFO [GroupCoordinator 0]: Stabilized group WordConsumerService generation 1 (kafka.coordinator.GroupCoordinator)
[2018-12-18 14:02:41,894] INFO [GroupCoordinator 0]: Assignment received from leader for group WordConsumerService for generation 1 (kafka.coordinator.GroupCoordinator)
[2018-12-18 14:03:54,393] INFO [Kafka Server 0], shutting down (kafka.server.KafkaServer)
[2018-12-18 14:03:54,400] INFO [Kafka Server 0], Starting controlled shutdown (kafka.server.KafkaServer)
[2018-12-18 14:03:56,403] INFO [Kafka Server 0], Controlled shutdown succeeded (kafka.server.KafkaServer)
[2018-12-18 14:03:56,406] INFO [Socket Server on Broker 0], Shutting down (kafka.network.SocketServer)
[2018-12-18 14:03:56,416] INFO [Socket Server on Broker 0], Shutdown completed (kafka.network.SocketServer)
[2018-12-18 14:03:56,417] INFO [Kafka Request Handler on Broker 0], shutting down (kafka.server.KafkaRequestHandlerPool)
[2018-12-18 14:03:56,419] INFO [Kafka Request Handler on Broker 0], shut down completely (kafka.server.KafkaRequestHandlerPool)
[2018-12-18 14:03:56,421] INFO [ThrottledRequestReaper-Produce], Shutting down (kafka.server.ClientQuotaManager$ThrottledRequestReaper)
[2018-12-18 14:03:56,428] INFO [ThrottledRequestReaper-Produce], Shutdown completed (kafka.server.ClientQuotaManager$ThrottledRequestReaper)
[2018-12-18 14:03:56,428] INFO [ThrottledRequestReaper-Produce], Stopped  (kafka.server.ClientQuotaManager$ThrottledRequestReaper)
[2018-12-18 14:03:56,428] INFO [ThrottledRequestReaper-Fetch], Shutting down (kafka.server.ClientQuotaManager$ThrottledRequestReaper)
[2018-12-18 14:03:56,438] INFO [ThrottledRequestReaper-Fetch], Stopped  (kafka.server.ClientQuotaManager$ThrottledRequestReaper)
[2018-12-18 14:03:56,438] INFO [ThrottledRequestReaper-Fetch], Shutdown completed (kafka.server.ClientQuotaManager$ThrottledRequestReaper)
[2018-12-18 14:03:56,438] INFO [KafkaApi-0] Shutdown complete. (kafka.server.KafkaApis)
[2018-12-18 14:03:56,439] INFO [Replica Manager on Broker 0]: Shutting down (kafka.server.ReplicaManager)
[2018-12-18 14:03:56,440] INFO [ReplicaFetcherManager on broker 0] shutting down (kafka.server.ReplicaFetcherManager)
[2018-12-18 14:03:56,440] INFO [ReplicaFetcherManager on broker 0] shutdown completed (kafka.server.ReplicaFetcherManager)
[2018-12-18 14:03:56,440] INFO [ExpirationReaper-0], Shutting down (kafka.server.DelayedOperationPurgatory$ExpiredOperationReaper)
[2018-12-18 14:03:56,595] INFO [ExpirationReaper-0], Stopped  (kafka.server.DelayedOperationPurgatory$ExpiredOperationReaper)
[2018-12-18 14:03:56,595] INFO [ExpirationReaper-0], Shutdown completed (kafka.server.DelayedOperationPurgatory$ExpiredOperationReaper)
[2018-12-18 14:03:56,595] INFO [ExpirationReaper-0], Shutting down (kafka.server.DelayedOperationPurgatory$ExpiredOperationReaper)
[2018-12-18 14:03:56,704] INFO [ExpirationReaper-0], Stopped  (kafka.server.DelayedOperationPurgatory$ExpiredOperationReaper)
[2018-12-18 14:03:56,704] INFO [ExpirationReaper-0], Shutdown completed (kafka.server.DelayedOperationPurgatory$ExpiredOperationReaper)
[2018-12-18 14:03:56,766] INFO [Replica Manager on Broker 0]: Shut down completely (kafka.server.ReplicaManager)
[2018-12-18 14:03:56,767] INFO Shutting down. (kafka.log.LogManager)
[2018-12-18 14:03:56,930] INFO Shutdown complete. (kafka.log.LogManager)
[2018-12-18 14:03:56,931] INFO [GroupCoordinator 0]: Shutting down. (kafka.coordinator.GroupCoordinator)
[2018-12-18 14:03:56,932] INFO [ExpirationReaper-0], Shutting down (kafka.server.DelayedOperationPurgatory$ExpiredOperationReaper)
[2018-12-18 14:03:57,004] INFO [ExpirationReaper-0], Stopped  (kafka.server.DelayedOperationPurgatory$ExpiredOperationReaper)
[2018-12-18 14:03:57,004] INFO [ExpirationReaper-0], Shutdown completed (kafka.server.DelayedOperationPurgatory$ExpiredOperationReaper)
[2018-12-18 14:03:57,005] INFO [ExpirationReaper-0], Shutting down (kafka.server.DelayedOperationPurgatory$ExpiredOperationReaper)
[2018-12-18 14:03:57,043] INFO [ExpirationReaper-0], Stopped  (kafka.server.DelayedOperationPurgatory$ExpiredOperationReaper)
[2018-12-18 14:03:57,043] INFO [ExpirationReaper-0], Shutdown completed (kafka.server.DelayedOperationPurgatory$ExpiredOperationReaper)
[2018-12-18 14:03:57,044] INFO [GroupCoordinator 0]: Shutdown complete. (kafka.coordinator.GroupCoordinator)
[2018-12-18 14:03:57,063] INFO Terminate ZkClient event thread. (org.I0Itec.zkclient.ZkEventThread)
[2018-12-18 14:03:57,086] INFO [Kafka Server 0], shut down completed (kafka.server.KafkaServer)
