[2018-12-18 14:02:09,689] TRACE Controller 0 epoch 1 received response {error_code=0} for a request sent to broker SajitGupta:9092 (id: 0 rack: null) (state.change.logger)
[2018-12-18 14:02:40,634] TRACE Controller 0 epoch 1 changed partition [words,0] state from NonExistentPartition to NewPartition with assigned replicas 0 (state.change.logger)
[2018-12-18 14:02:40,709] TRACE Controller 0 epoch 1 changed state of replica 0 for partition [words,0] from NonExistentReplica to NewReplica (state.change.logger)
[2018-12-18 14:02:41,253] TRACE Controller 0 epoch 1 changed partition [words,0] from NewPartition to OnlinePartition with leader 0 (state.change.logger)
[2018-12-18 14:02:41,256] TRACE Controller 0 epoch 1 sending become-leader LeaderAndIsr request (Leader:0,ISR:0,LeaderEpoch:0,ControllerEpoch:1) to broker 0 for partition [words,0] (state.change.logger)
[2018-12-18 14:02:41,267] TRACE Controller 0 epoch 1 sending UpdateMetadata request (Leader:0,ISR:0,LeaderEpoch:0,ControllerEpoch:1) to broker 0 for partition words-0 (state.change.logger)
[2018-12-18 14:02:41,344] TRACE Broker 0 received LeaderAndIsr request PartitionState(controllerEpoch=1, leader=0, leaderEpoch=0, isr=[0], zkVersion=0, replicas=[0]) correlation id 1 from controller 0 epoch 1 for partition [words,0] (state.change.logger)
[2018-12-18 14:02:41,346] TRACE Controller 0 epoch 1 changed state of replica 0 for partition [words,0] from NewReplica to OnlineReplica (state.change.logger)
[2018-12-18 14:02:41,352] TRACE Controller 0 epoch 1 changed partition [__consumer_offsets,0] state from NonExistentPartition to NewPartition with assigned replicas 0 (state.change.logger)
[2018-12-18 14:02:41,353] TRACE Controller 0 epoch 1 changed state of replica 0 for partition [__consumer_offsets,0] from NonExistentReplica to NewReplica (state.change.logger)
[2018-12-18 14:02:41,447] TRACE Broker 0 handling LeaderAndIsr request correlationId 1 from controller 0 epoch 1 starting the become-leader transition for partition [words,0] (state.change.logger)
[2018-12-18 14:02:41,682] TRACE Broker 0 stopped fetchers as part of become-leader request from controller 0 epoch 1 with correlation id 1 for partition [words,0] (state.change.logger)
[2018-12-18 14:02:41,684] TRACE Broker 0 completed LeaderAndIsr request correlationId 1 from controller 0 epoch 1 for the become-leader transition for partition [words,0] (state.change.logger)
[2018-12-18 14:02:41,691] TRACE Controller 0 epoch 1 received response {error_code=0,partitions=[{topic=words,partition=0,error_code=0}]} for a request sent to broker SajitGupta:9092 (id: 0 rack: null) (state.change.logger)
[2018-12-18 14:02:41,699] TRACE Broker 0 cached leader info (LeaderAndIsrInfo:(Leader:0,ISR:0,LeaderEpoch:0,ControllerEpoch:1),ReplicationFactor:1),AllReplicas:0) for partition words-0 in response to UpdateMetadata request sent by controller 0 epoch 1 with correlation id 2 (state.change.logger)
[2018-12-18 14:02:41,700] TRACE Controller 0 epoch 1 received response {error_code=0} for a request sent to broker SajitGupta:9092 (id: 0 rack: null) (state.change.logger)
[2018-12-18 14:02:41,734] TRACE Controller 0 epoch 1 changed partition [__consumer_offsets,0] from NewPartition to OnlinePartition with leader 0 (state.change.logger)
[2018-12-18 14:02:41,734] TRACE Controller 0 epoch 1 sending become-leader LeaderAndIsr request (Leader:0,ISR:0,LeaderEpoch:0,ControllerEpoch:1) to broker 0 for partition [__consumer_offsets,0] (state.change.logger)
[2018-12-18 14:02:41,735] TRACE Controller 0 epoch 1 sending UpdateMetadata request (Leader:0,ISR:0,LeaderEpoch:0,ControllerEpoch:1) to broker 0 for partition __consumer_offsets-0 (state.change.logger)
[2018-12-18 14:02:41,738] TRACE Broker 0 received LeaderAndIsr request PartitionState(controllerEpoch=1, leader=0, leaderEpoch=0, isr=[0], zkVersion=0, replicas=[0]) correlation id 3 from controller 0 epoch 1 for partition [__consumer_offsets,0] (state.change.logger)
[2018-12-18 14:02:41,742] TRACE Controller 0 epoch 1 changed state of replica 0 for partition [__consumer_offsets,0] from NewReplica to OnlineReplica (state.change.logger)
[2018-12-18 14:02:41,744] TRACE Broker 0 handling LeaderAndIsr request correlationId 3 from controller 0 epoch 1 starting the become-leader transition for partition [__consumer_offsets,0] (state.change.logger)
[2018-12-18 14:02:41,812] TRACE Broker 0 stopped fetchers as part of become-leader request from controller 0 epoch 1 with correlation id 3 for partition [__consumer_offsets,0] (state.change.logger)
[2018-12-18 14:02:41,812] TRACE Broker 0 completed LeaderAndIsr request correlationId 3 from controller 0 epoch 1 for the become-leader transition for partition [__consumer_offsets,0] (state.change.logger)
[2018-12-18 14:02:41,814] TRACE Controller 0 epoch 1 received response {error_code=0,partitions=[{topic=__consumer_offsets,partition=0,error_code=0}]} for a request sent to broker SajitGupta:9092 (id: 0 rack: null) (state.change.logger)
[2018-12-18 14:02:41,815] TRACE Broker 0 cached leader info (LeaderAndIsrInfo:(Leader:0,ISR:0,LeaderEpoch:0,ControllerEpoch:1),ReplicationFactor:1),AllReplicas:0) for partition __consumer_offsets-0 in response to UpdateMetadata request sent by controller 0 epoch 1 with correlation id 4 (state.change.logger)
[2018-12-18 14:02:41,815] TRACE Controller 0 epoch 1 received response {error_code=0} for a request sent to broker SajitGupta:9092 (id: 0 rack: null) (state.change.logger)
